<?xml version="1.0" encoding="UTF-8"?>
<!-- Generated by org.testng.reporters.JUnitReportReporter -->
<testsuite skipped="1" hostname="DESKTOP-KNHDASJ" name="com.crossbrowser.test.CrossBrowserDemo" tests="3" failures="0" timestamp="2022-01-14T20:35:38 IST" time="46.071" errors="1">
  <testcase name="checkTitle" time="6.045" classname="com.crossbrowser.test.CrossBrowserDemo"/>
  <system-out/>
  <testcase name="checkTitle" time="0.004" classname="com.crossbrowser.test.CrossBrowserDemo">
    <skipped/>
  </testcase> <!-- checkTitle -->
  <system-out/>
  <testcase name="setUp" time="40.022" classname="com.crossbrowser.test.CrossBrowserDemo">
    <error type="org.openqa.selenium.SessionNotCreatedException" message="session not created: This version of MSEdgeDriver only supports MSEdge version 94
Current browser version is 97.0.1072.55 with binary path C:\Program Files (x86)\Microsoft\Edge\Application\msedge.exe
Build info: version: &#039;3.141.59&#039;, revision: &#039;e82be7d358&#039;, time: &#039;2018-11-14T08:17:03&#039;
System info: host: &#039;DESKTOP-KNHDASJ&#039;, ip: &#039;192.168.1.208&#039;, os.name: &#039;Windows 10&#039;, os.arch: &#039;amd64&#039;, os.version: &#039;10.0&#039;, java.version: &#039;1.8.0_301&#039;
Driver info: driver.version: EdgeDriver
remote stacktrace: Backtrace:
	Microsoft::Applications::Events::EventProperties::SetName [0x00007FF7BF4137E2+10786]
	Microsoft::Applications::Events::EventProperty::to_string [0x00007FF7BF0432D3+932547]
	Microsoft::Applications::Events::EventProperty::to_string [0x00007FF7BF06DA5D+1106509]
	Microsoft::Applications::Events::EventProperty::to_string [0x00007FF7BF06A19D+1091981]
	Microsoft::Applications::Events::EventProperty::to_string [0x00007FF7BF063396+1063814]
	Microsoft::Applications::Events::EventProperty::to_string [0x00007FF7BF09E520+1305872]
	Microsoft::Applications::Events::EventProperty::to_string [0x00007FF7BF09971F+1285903]
	Microsoft::Applications::Events::EventProperty::to_string [0x00007FF7BF06F87F+1114223]
	Microsoft::Applications::Events::EventProperty::to_string [0x00007FF7BF07098F+1118591]
	Microsoft::Applications::Events::EventProperty::~EventProperty [0x00007FF7BF128ACD+17933]
	Microsoft::Applications::Events::EventProperty::to_string [0x00007FF7BF0D7C41+1541169]
	Microsoft::Applications::Events::EventProperty::EventProperty [0x00007FF7BF2E20E9+2633]
	Microsoft::Applications::Events::EventProperty::to_string [0x00007FF7BF0D8CC9+1545401]
	Microsoft::Applications::Events::EventProperties::SetName [0x00007FF7BF4140A8+13032]
	Microsoft::Applications::Events::EventProperties::SetName [0x00007FF7BF413B14+11604]
	Microsoft::Applications::Events::EventProperties::SetName [0x00007FF7BF413966+11174]
	Microsoft::Applications::Events::EventProperty::EventProperty [0x00007FF7BF3B50FC+76172]
	BaseThreadInitThunk [0x00007FFB5ECA7034+20]
	RtlUserThreadStart [0x00007FFB600A2651+33]
">
      <![CDATA[org.openqa.selenium.SessionNotCreatedException: session not created: This version of MSEdgeDriver only supports MSEdge version 94
Current browser version is 97.0.1072.55 with binary path C:\Program Files (x86)\Microsoft\Edge\Application\msedge.exe
Build info: version: '3.141.59', revision: 'e82be7d358', time: '2018-11-14T08:17:03'
System info: host: 'DESKTOP-KNHDASJ', ip: '192.168.1.208', os.name: 'Windows 10', os.arch: 'amd64', os.version: '10.0', java.version: '1.8.0_301'
Driver info: driver.version: EdgeDriver
remote stacktrace: Backtrace:
Microsoft::Applications::Events::EventProperties::SetName [0x00007FF7BF4137E2+10786]
Microsoft::Applications::Events::EventProperty::to_string [0x00007FF7BF0432D3+932547]
Microsoft::Applications::Events::EventProperty::to_string [0x00007FF7BF06DA5D+1106509]
Microsoft::Applications::Events::EventProperty::to_string [0x00007FF7BF06A19D+1091981]
Microsoft::Applications::Events::EventProperty::to_string [0x00007FF7BF063396+1063814]
Microsoft::Applications::Events::EventProperty::to_string [0x00007FF7BF09E520+1305872]
Microsoft::Applications::Events::EventProperty::to_string [0x00007FF7BF09971F+1285903]
Microsoft::Applications::Events::EventProperty::to_string [0x00007FF7BF06F87F+1114223]
Microsoft::Applications::Events::EventProperty::to_string [0x00007FF7BF07098F+1118591]
Microsoft::Applications::Events::EventProperty::~EventProperty [0x00007FF7BF128ACD+17933]
Microsoft::Applications::Events::EventProperty::to_string [0x00007FF7BF0D7C41+1541169]
Microsoft::Applications::Events::EventProperty::EventProperty [0x00007FF7BF2E20E9+2633]
Microsoft::Applications::Events::EventProperty::to_string [0x00007FF7BF0D8CC9+1545401]
Microsoft::Applications::Events::EventProperties::SetName [0x00007FF7BF4140A8+13032]
Microsoft::Applications::Events::EventProperties::SetName [0x00007FF7BF413B14+11604]
Microsoft::Applications::Events::EventProperties::SetName [0x00007FF7BF413966+11174]
Microsoft::Applications::Events::EventProperty::EventProperty [0x00007FF7BF3B50FC+76172]
BaseThreadInitThunk [0x00007FFB5ECA7034+20]
RtlUserThreadStart [0x00007FFB600A2651+33]

at sun.reflect.NativeConstructorAccessorImpl.newInstance0(Native Method)
at sun.reflect.NativeConstructorAccessorImpl.newInstance(NativeConstructorAccessorImpl.java:62)
at sun.reflect.DelegatingConstructorAccessorImpl.newInstance(DelegatingConstructorAccessorImpl.java:45)
at java.lang.reflect.Constructor.newInstance(Constructor.java:423)
at org.openqa.selenium.remote.W3CHandshakeResponse.lambda$errorHandler$0(W3CHandshakeResponse.java:62)
at org.openqa.selenium.remote.HandshakeResponse.lambda$getResponseFunction$0(HandshakeResponse.java:30)
at org.openqa.selenium.remote.ProtocolHandshake.lambda$createSession$0(ProtocolHandshake.java:126)
at java.util.stream.ReferencePipeline$3$1.accept(ReferencePipeline.java:193)
at java.util.Spliterators$ArraySpliterator.tryAdvance(Spliterators.java:958)
at java.util.stream.ReferencePipeline.forEachWithCancel(ReferencePipeline.java:126)
at java.util.stream.AbstractPipeline.copyIntoWithCancel(AbstractPipeline.java:499)
at java.util.stream.AbstractPipeline.copyInto(AbstractPipeline.java:486)
at java.util.stream.AbstractPipeline.wrapAndCopyInto(AbstractPipeline.java:472)
at java.util.stream.FindOps$FindOp.evaluateSequential(FindOps.java:152)
at java.util.stream.AbstractPipeline.evaluate(AbstractPipeline.java:234)
at java.util.stream.ReferencePipeline.findFirst(ReferencePipeline.java:464)
at org.openqa.selenium.remote.ProtocolHandshake.createSession(ProtocolHandshake.java:128)
at org.openqa.selenium.remote.ProtocolHandshake.createSession(ProtocolHandshake.java:74)
at org.openqa.selenium.remote.HttpCommandExecutor.execute(HttpCommandExecutor.java:136)
at org.openqa.selenium.remote.service.DriverCommandExecutor.execute(DriverCommandExecutor.java:83)
at org.openqa.selenium.remote.RemoteWebDriver.execute(RemoteWebDriver.java:552)
at org.openqa.selenium.remote.RemoteWebDriver.startSession(RemoteWebDriver.java:213)
at org.openqa.selenium.remote.RemoteWebDriver.<init>(RemoteWebDriver.java:131)
at org.openqa.selenium.edge.EdgeDriver.<init>(EdgeDriver.java:141)
at org.openqa.selenium.edge.EdgeDriver.<init>(EdgeDriver.java:96)
at com.crossbrowser.pages.CrossBrowserBaseClass.setUp(CrossBrowserBaseClass.java:37)
at sun.reflect.NativeMethodAccessorImpl.invoke0(Native Method)
at sun.reflect.NativeMethodAccessorImpl.invoke(NativeMethodAccessorImpl.java:62)
at sun.reflect.DelegatingMethodAccessorImpl.invoke(DelegatingMethodAccessorImpl.java:43)
at java.lang.reflect.Method.invoke(Method.java:498)
at org.testng.internal.MethodInvocationHelper.invokeMethod(MethodInvocationHelper.java:133)
at org.testng.internal.MethodInvocationHelper.invokeMethodConsideringTimeout(MethodInvocationHelper.java:62)
at org.testng.internal.ConfigInvoker.invokeConfigurationMethod(ConfigInvoker.java:385)
at org.testng.internal.ConfigInvoker.invokeConfigurations(ConfigInvoker.java:321)
at org.testng.internal.TestMethodWorker.invokeBeforeClassMethods(TestMethodWorker.java:176)
at org.testng.internal.TestMethodWorker.run(TestMethodWorker.java:122)
at java.util.ArrayList.forEach(ArrayList.java:1259)
at org.testng.TestRunner.privateRun(TestRunner.java:794)
at org.testng.TestRunner.run(TestRunner.java:596)
at org.testng.SuiteRunner.runTest(SuiteRunner.java:377)
at org.testng.SuiteRunner.access$000(SuiteRunner.java:28)
at org.testng.SuiteRunner$SuiteWorker.run(SuiteRunner.java:418)
at org.testng.internal.thread.ThreadUtil.lambda$execute$0(ThreadUtil.java:64)
at java.util.concurrent.FutureTask.run(FutureTask.java:266)
at java.util.concurrent.ThreadPoolExecutor.runWorker(ThreadPoolExecutor.java:1149)
at java.util.concurrent.ThreadPoolExecutor$Worker.run(ThreadPoolExecutor.java:624)
at java.lang.Thread.run(Thread.java:748)
]]>
    </error>
  </testcase> <!-- setUp -->
  <system-out/>
</testsuite> <!-- com.crossbrowser.test.CrossBrowserDemo -->
